<?xml version="1.0" encoding="UTF-8"?>
<!-- Generated by org.testng.reporters.JUnitXMLReporter -->
<testsuite hostname="EPBYMINW0C92" ignored="0" name="Command line test" tests="5" failures="0" timestamp="29 Mar 2023 06:30:40 GMT" time="18.066" errors="0">
  <testcase name="verifyCountryBorders" time="13.831" classname="country.tests.TestCountryCodes"/>
  <testcase name="verifyCountryBorders" time="1.668" classname="country.tests.TestCountryCodes"/>
  <testcase name="verifyCountryInfo" time="0.834" classname="country.tests.TestCountryCodes"/>
  <testcase name="verifyCountryInfo" time="0.86" classname="country.tests.TestCountryCodes"/>
  <testcase name="verifyNonExistentCountryCode" time="0.847" classname="country.tests.TestCountryCodes"/>
</testsuite> <!-- Command line test -->
